<?xml version="1.0" encoding="UTF-8" ?>
<testsuite tests="13" failures="0" name="tests.HandsComparisonTest" time="0.082" errors="0" skipped="0">
  <properties>
    <property name="idea.version" value="2017.1.1"/>
    <property name="java.runtime.name" value="Java(TM) SE Runtime Environment"/>
    <property name="sun.boot.library.path" value="/usr/lib/jvm/java-8-oracle/jre/lib/amd64"/>
    <property name="java.vm.version" value="25.131-b11"/>
    <property name="java.vm.vendor" value="Oracle Corporation"/>
    <property name="maven.multiModuleProjectDirectory" value="/home/igor/Рабочий стол/TeJavaFXTexasHoldem"/>
    <property name="java.vendor.url" value="http://java.oracle.com/"/>
    <property name="path.separator" value=":"/>
    <property name="guice.disable.misplaced.annotation.check" value="true"/>
    <property name="java.vm.name" value="Java HotSpot(TM) 64-Bit Server VM"/>
    <property name="file.encoding.pkg" value="sun.io"/>
    <property name="user.country" value="RU"/>
    <property name="sun.java.launcher" value="SUN_STANDARD"/>
    <property name="sun.os.patch.level" value="unknown"/>
    <property name="java.vm.specification.name" value="Java Virtual Machine Specification"/>
    <property name="user.dir" value="/home/igor/Рабочий стол/TeJavaFXTexasHoldem"/>
    <property name="java.runtime.version" value="1.8.0_131-b11"/>
    <property name="java.awt.graphicsenv" value="sun.awt.X11GraphicsEnvironment"/>
    <property name="java.endorsed.dirs" value="/usr/lib/jvm/java-8-oracle/jre/lib/endorsed"/>
    <property name="os.arch" value="amd64"/>
    <property name="java.io.tmpdir" value="/tmp"/>
    <property name="line.separator" value="
"/>
    <property name="java.vm.specification.vendor" value="Oracle Corporation"/>
    <property name="os.name" value="Linux"/>
    <property name="classworlds.conf" value="/home/igor/Programs/idea-IU-171.4073.35/plugins/maven/lib/maven3/bin/m2.conf"/>
    <property name="sun.jnu.encoding" value="UTF-8"/>
    <property name="java.library.path" value="/home/igor/Programs/idea-IU-171.4073.35/bin::/usr/java/packages/lib/amd64:/usr/lib64:/lib64:/lib:/usr/lib"/>
    <property name="java.specification.name" value="Java Platform API Specification"/>
    <property name="java.class.version" value="52.0"/>
    <property name="sun.management.compiler" value="HotSpot 64-Bit Tiered Compilers"/>
    <property name="os.version" value="4.15.4-041504-generic"/>
    <property name="user.home" value="/home/igor"/>
    <property name="user.timezone" value="Europe/Kiev"/>
    <property name="java.awt.printerjob" value="sun.print.PSPrinterJob"/>
    <property name="java.specification.version" value="1.8"/>
    <property name="file.encoding" value="UTF-8"/>
    <property name="user.name" value="igor"/>
    <property name="java.class.path" value="/home/igor/Programs/idea-IU-171.4073.35/plugins/maven/lib/maven3/boot/plexus-classworlds-2.5.2.jar:/home/igor/Programs/idea-IU-171.4073.35/lib/idea_rt.jar"/>
    <property name="java.vm.specification.version" value="1.8"/>
    <property name="sun.arch.data.model" value="64"/>
    <property name="java.home" value="/usr/lib/jvm/java-8-oracle/jre"/>
    <property name="sun.java.command" value="org.codehaus.classworlds.Launcher -Didea.version=2017.1.1 clean package"/>
    <property name="java.specification.vendor" value="Oracle Corporation"/>
    <property name="user.language" value="ru"/>
    <property name="awt.toolkit" value="sun.awt.X11.XToolkit"/>
    <property name="java.vm.info" value="mixed mode"/>
    <property name="java.version" value="1.8.0_131"/>
    <property name="java.ext.dirs" value="/usr/lib/jvm/java-8-oracle/jre/lib/ext:/usr/java/packages/lib/ext"/>
    <property name="securerandom.source" value="file:/dev/./urandom"/>
    <property name="sun.boot.class.path" value="/usr/lib/jvm/java-8-oracle/jre/lib/resources.jar:/usr/lib/jvm/java-8-oracle/jre/lib/rt.jar:/usr/lib/jvm/java-8-oracle/jre/lib/sunrsasign.jar:/usr/lib/jvm/java-8-oracle/jre/lib/jsse.jar:/usr/lib/jvm/java-8-oracle/jre/lib/jce.jar:/usr/lib/jvm/java-8-oracle/jre/lib/charsets.jar:/usr/lib/jvm/java-8-oracle/jre/lib/jfr.jar:/usr/lib/jvm/java-8-oracle/jre/classes"/>
    <property name="java.vendor" value="Oracle Corporation"/>
    <property name="maven.home" value="/home/igor/Programs/idea-IU-171.4073.35/plugins/maven/lib/maven3"/>
    <property name="file.separator" value="/"/>
    <property name="java.vendor.url.bug" value="http://bugreport.sun.com/bugreport/"/>
    <property name="sun.cpu.endian" value="little"/>
    <property name="sun.io.unicode.encoding" value="UnicodeLittle"/>
    <property name="sun.cpu.isalist" value=""/>
  </properties>
  <testcase classname="tests.HandsComparisonTest" name="testOfQuadsAgainstQuads" time="0.038"/>
  <testcase classname="tests.HandsComparisonTest" name="testOfSituationWithThreePairs" time="0.006"/>
  <testcase classname="tests.HandsComparisonTest" name="testOfTwoPaisAgainstFullHouse" time="0.008"/>
  <testcase classname="tests.HandsComparisonTest" name="testOfTwoPairsTie" time="0.002"/>
  <testcase classname="tests.HandsComparisonTest" name="testOfTwoPairsAgainstFlush" time="0.012"/>
  <testcase classname="tests.HandsComparisonTest" name="testOfTripleAgainstTripleWithKicker" time="0.003"/>
  <testcase classname="tests.HandsComparisonTest" name="testOfStraightAgainstStraightWithLowAce" time="0.002"/>
  <testcase classname="tests.HandsComparisonTest" name="testOfTwoPaisAgainstTwoPairs" time="0.001"/>
  <testcase classname="tests.HandsComparisonTest" name="testOfPairTie" time="0.005"/>
  <testcase classname="tests.HandsComparisonTest" name="testOfQuadsAgainstQuadsWithKicker" time="0.002"/>
  <testcase classname="tests.HandsComparisonTest" name="testOfTripleAgainstQuads" time="0"/>
  <testcase classname="tests.HandsComparisonTest" name="testOfFullHouseAgainstFullHouse" time="0.002"/>
  <testcase classname="tests.HandsComparisonTest" name="testOfHighCard" time="0.001"/>
</testsuite>